<?xml version="1.0" encoding="UTF-8"?>
<testsuite xmlns:xsi="http://www.w3.org/2001/XMLSchema-instance" xsi:noNamespaceSchemaLocation="https://maven.apache.org/surefire/maven-surefire-plugin/xsd/surefire-test-report-3.0.xsd" version="3.0" name="com.consubanco.prueba_unit_test.PruebaUnitTestApplicationTests" time="0.679" tests="1" errors="0" skipped="0" failures="0">
  <properties>
[...]
</properties>
  <testcase name="contextLoads" classname="com.consubanco.prueba_unit_test.PruebaUnitTestApplicationTests" time="0.16">
    <system-out><![CDATA[18:07:02.140 [main] INFO org.springframework.test.context.support.AnnotationConfigContextLoaderUtils -- Could not detect default configuration classes for test class [com.consubanco.prueba_unit_test.PruebaUnitTestApplicationTests]: PruebaUnitTestApplicationTests does not declare any static, non-private, non-final, nested classes annotated with @Configuration.
18:07:02.190 [main] INFO org.springframework.boot.test.context.SpringBootTestContextBootstrapper -- Found @SpringBootConfiguration com.consubanco.prueba_unit_test.PruebaUnitTestApplication for test class com.consubanco.prueba_unit_test.PruebaUnitTestApplicationTests

  .   ____          _            __ _ _
 /\\ / ___'_ __ _ _(_)_ __  __ _ \ \ \ \
( ( )\___ | '_ | '_| | '_ \/ _` | \ \ \ \
 \\/  ___)| |_)| | | | | || (_| |  ) ) ) )
  '  |____| .__|_| |_|_| |_\__, | / / / /
 =========|_|==============|___/=/_/_/_/

 :: Spring Boot ::                (v3.3.1)

2024-07-12T18:07:02.357-05:00  INFO 6548 --- [prueba-unit-test] [           main] c.c.p.PruebaUnitTestApplicationTests     : Starting PruebaUnitTestApplicationTests using Java 17.0.5 with PID 6548 (started by YER in /Users/YER/Documents/GitHub/prueba-unit-test)
2024-07-12T18:07:02.358-05:00  INFO 6548 --- [prueba-unit-test] [           main] c.c.p.PruebaUnitTestApplicationTests     : No active profile set, falling back to 1 default profile: "default"
2024-07-12T18:07:02.567-05:00  INFO 6548 --- [prueba-unit-test] [           main] c.c.p.PruebaUnitTestApplicationTests     : Started PruebaUnitTestApplicationTests in 0.321 seconds (process running for 0.805)
]]></system-out>
  </testcase>
</testsuite>